\BOOKMARK [1][-]{section*.1}{Part A: Control Theory}{}% 1
\BOOKMARK [2][-]{section*.2}{Given Equations}{section*.1}% 2
\BOOKMARK [2][-]{section*.3}{Problem A1}{section*.1}% 3
\BOOKMARK [2][-]{section*.4}{Problem A2}{section*.1}% 4
\BOOKMARK [2][-]{section*.5}{Problem A3}{section*.1}% 5
\BOOKMARK [2][-]{section*.6}{Problem A4}{section*.1}% 6
\BOOKMARK [2][-]{section*.7}{Problem A5}{section*.1}% 7
\BOOKMARK [1][-]{section.1}{1. Part B: Analysis and Controller Design}{}% 8
\BOOKMARK [2][-]{subsection.1.1}{1.1. Problem B1}{section.1}% 9
\BOOKMARK [2][-]{subsection.1.2}{1.2. Problem B2}{section.1}% 10
\BOOKMARK [2][-]{subsection.1.3}{1.3. Problem B3}{section.1}% 11
\BOOKMARK [2][-]{subsection.1.4}{1.4. Problem B4}{section.1}% 12
\BOOKMARK [2][-]{subsection.1.5}{1.5. Problem B5}{section.1}% 13
\BOOKMARK [2][-]{subsection.1.6}{1.6. Problem B6}{section.1}% 14
\BOOKMARK [1][-]{section.2}{2. Part C: Bonus Questions}{}% 15
\BOOKMARK [2][-]{subsection.2.1}{2.1. Problem C1}{section.2}% 16
\BOOKMARK [2][-]{subsection.2.2}{2.2. Problem C2}{section.2}% 17
\BOOKMARK [2][-]{subsection.2.3}{2.3. Problem C3}{section.2}% 18
\BOOKMARK [1][-]{section.3}{3. Part D: Planning, Organisation \046 Collaboration}{}% 19
\BOOKMARK [2][-]{subsection.3.1}{3.1. D1}{section.3}% 20
\BOOKMARK [2][-]{subsection.3.2}{3.2. D2}{section.3}% 21
\BOOKMARK [2][-]{subsection.3.3}{3.3. D3}{section.3}% 22
