\BOOKMARK [1][-]{section.1}{1. Part A: Control Theory}{}% 1
\BOOKMARK [2][-]{section*.1}{Given Equations}{section.1}% 2
\BOOKMARK [2][-]{section*.2}{Problem A1}{section.1}% 3
\BOOKMARK [2][-]{section*.3}{Problem A2}{section.1}% 4
\BOOKMARK [2][-]{section*.4}{Problem A3}{section.1}% 5
\BOOKMARK [2][-]{section*.5}{Problem A4}{section.1}% 6
\BOOKMARK [2][-]{section*.6}{Problem A5}{section.1}% 7
\BOOKMARK [1][-]{section*.7}{Part B: Analysis and Controller Design}{}% 8
\BOOKMARK [2][-]{section*.8}{Problem B1}{section*.7}% 9
\BOOKMARK [2][-]{section*.9}{Problem B2}{section*.7}% 10
\BOOKMARK [2][-]{section*.10}{Problem B3}{section*.7}% 11
\BOOKMARK [2][-]{section*.11}{Problem B4}{section*.7}% 12
\BOOKMARK [2][-]{section*.12}{Problem B5}{section*.7}% 13
\BOOKMARK [2][-]{section*.13}{Problem B6}{section*.7}% 14
\BOOKMARK [1][-]{section*.14}{Part C: Bonus Questions}{}% 15
\BOOKMARK [2][-]{section*.15}{Problem C1}{section*.14}% 16
\BOOKMARK [2][-]{section*.16}{Problem C2}{section*.14}% 17
\BOOKMARK [1][-]{section*.17}{Part D: Planning, Organisation \046 Collaboration}{}% 18
\BOOKMARK [2][-]{section*.18}{D1}{section*.17}% 19
\BOOKMARK [2][-]{section*.19}{D2}{section*.17}% 20
\BOOKMARK [2][-]{section*.23}{D3}{section*.17}% 21
